<?xml version="1.0" encoding="UTF-8"?>
<!-- Generated by org.testng.reporters.JUnitXMLReporter -->
<testsuite hostname="INPUEN-DL146" failures="1" tests="2" name="Provide Methods" time="47.024" errors="0" timestamp="5 May 2022 01:54:15 GMT">
  <testcase classname="com.framework.tests.Empty_Ebay_Search" name="empty_search_test" time="10.47"/>
  <testcase classname="com.framework.tests.Ebay_Advanced_Search_Sanity" name="category_options_in_ascending_order_test" time="0.861">
    <failure type="java.lang.AssertionError" message="Verify Category Items Sorted expected [true] but found [false]">
      <![CDATA[java.lang.AssertionError: Verify Category Items Sorted expected [true] but found [false]
	at com.framework.tests.Ebay_Advanced_Search_Sanity.category_options_in_ascending_order_test(Ebay_Advanced_Search_Sanity.java:80)
... Removed 27 stack frames]]>
    </failure>
  </testcase> <!-- category_options_in_ascending_order_test -->
</testsuite> <!-- Provide Methods -->
