<?xml version="1.0" encoding="UTF-8"?>
<!-- Generated by org.testng.reporters.JUnitXMLReporter -->
<testsuite hostname="INPUEN-DL146" failures="0" tests="5" name="Before and After Test Annotations" time="0.085" errors="0" timestamp="5 May 2022 02:22:22 GMT">
  <testcase classname="com.framework.tests.DemoTest" name="test1" time="0.01"/>
  <testcase classname="com.framework.tests.DemoTest" name="test2" time="0.003"/>
  <testcase classname="com.framework.tests.DemoTest" name="test3" time="0.008"/>
  <testcase classname="com.framework.tests.DemoTest" name="test4" time="0.002"/>
  <testcase classname="com.framework.tests.DemoTest" name="test5" time="0.003"/>
</testsuite> <!-- Before and After Test Annotations -->
